2022-05-12 15:22:42,923 INFO    MainThread:87615 [internal.py:wandb_internal():90] W&B internal server running at pid: 87615, started at: 2022-05-12 15:22:42.923384
2022-05-12 15:22:42,924 INFO    WriterThread:87615 [datastore.py:open_for_write():75] open: /Users/hyacinthampadu/Documents/Jos Folder/Data Science/Portfolio/lead_converision/wandb/run-20220512_152232-nt15wujy/run-nt15wujy.wandb
2022-05-12 15:22:42,925 DEBUG   SenderThread:87615 [sender.py:send():232] send: header
2022-05-12 15:22:42,925 DEBUG   SenderThread:87615 [sender.py:send():232] send: run
2022-05-12 15:22:43,329 DEBUG   HandlerThread:87615 [handler.py:handle_request():141] handle_request: check_version
2022-05-12 15:22:43,335 INFO    SenderThread:87615 [dir_watcher.py:__init__():197] watching files in: /Users/hyacinthampadu/Documents/Jos Folder/Data Science/Portfolio/lead_converision/wandb/run-20220512_152232-nt15wujy/files
2022-05-12 15:22:43,336 INFO    SenderThread:87615 [sender.py:_start_run_threads():811] run started: nt15wujy with start time 1652368962
2022-05-12 15:22:43,336 DEBUG   SenderThread:87615 [sender.py:send():232] send: summary
2022-05-12 15:22:43,336 INFO    SenderThread:87615 [sender.py:_save_file():948] saving file wandb-summary.json with policy end
2022-05-12 15:22:43,337 DEBUG   SenderThread:87615 [sender.py:send_request():246] send_request: check_version
2022-05-12 15:22:43,526 DEBUG   HandlerThread:87615 [handler.py:handle_request():141] handle_request: run_start
2022-05-12 15:22:43,529 DEBUG   HandlerThread:87615 [meta.py:__init__():35] meta init
2022-05-12 15:22:43,529 DEBUG   HandlerThread:87615 [meta.py:__init__():49] meta init done
2022-05-12 15:22:43,535 DEBUG   HandlerThread:87615 [meta.py:probe():209] probe
2022-05-12 15:22:43,541 DEBUG   HandlerThread:87615 [meta.py:_setup_git():199] setup git
2022-05-12 15:22:43,572 DEBUG   HandlerThread:87615 [meta.py:_setup_git():206] setup git done
2022-05-12 15:22:43,573 DEBUG   HandlerThread:87615 [meta.py:_save_pip():53] save pip
2022-05-12 15:22:43,574 DEBUG   HandlerThread:87615 [meta.py:_save_pip():67] save pip done
2022-05-12 15:22:43,574 DEBUG   HandlerThread:87615 [meta.py:_save_conda():74] save conda
2022-05-12 15:22:44,342 INFO    Thread-7  :87615 [dir_watcher.py:_on_file_created():244] file/dir created: /Users/hyacinthampadu/Documents/Jos Folder/Data Science/Portfolio/lead_converision/wandb/run-20220512_152232-nt15wujy/files/conda-environment.yaml
2022-05-12 15:22:44,342 INFO    Thread-7  :87615 [dir_watcher.py:_on_file_created():244] file/dir created: /Users/hyacinthampadu/Documents/Jos Folder/Data Science/Portfolio/lead_converision/wandb/run-20220512_152232-nt15wujy/files/wandb-summary.json
2022-05-12 15:22:44,342 INFO    Thread-7  :87615 [dir_watcher.py:_on_file_created():244] file/dir created: /Users/hyacinthampadu/Documents/Jos Folder/Data Science/Portfolio/lead_converision/wandb/run-20220512_152232-nt15wujy/files/requirements.txt
2022-05-12 15:22:44,392 DEBUG   HandlerThread:87615 [meta.py:_save_conda():84] save conda done
2022-05-12 15:22:44,393 DEBUG   HandlerThread:87615 [meta.py:probe():247] probe done
2022-05-12 15:22:44,395 DEBUG   SenderThread:87615 [sender.py:send():232] send: telemetry
2022-05-12 15:22:44,396 DEBUG   SenderThread:87615 [sender.py:send():232] send: files
2022-05-12 15:22:44,396 INFO    SenderThread:87615 [sender.py:_save_file():948] saving file wandb-metadata.json with policy now
2022-05-12 15:22:44,399 DEBUG   HandlerThread:87615 [handler.py:handle_request():141] handle_request: stop_status
2022-05-12 15:22:44,399 DEBUG   SenderThread:87615 [sender.py:send_request():246] send_request: stop_status
2022-05-12 15:22:44,781 DEBUG   SenderThread:87615 [sender.py:send():232] send: telemetry
2022-05-12 15:22:45,360 INFO    Thread-7  :87615 [dir_watcher.py:_on_file_created():244] file/dir created: /Users/hyacinthampadu/Documents/Jos Folder/Data Science/Portfolio/lead_converision/wandb/run-20220512_152232-nt15wujy/files/wandb-metadata.json
2022-05-12 15:22:45,363 INFO    Thread-7  :87615 [dir_watcher.py:_on_file_created():244] file/dir created: /Users/hyacinthampadu/Documents/Jos Folder/Data Science/Portfolio/lead_converision/wandb/run-20220512_152232-nt15wujy/files/output.log
2022-05-12 15:22:45,536 INFO    Thread-11 :87615 [upload_job.py:push():132] Uploaded file /var/folders/b6/cwdf1l0x4rs4pv03tq2z5dy80000gn/T/tmptaa6lrqhwandb/2plchc3p-wandb-metadata.json
2022-05-12 15:22:59,788 DEBUG   HandlerThread:87615 [handler.py:handle_request():141] handle_request: stop_status
2022-05-12 15:22:59,788 DEBUG   SenderThread:87615 [sender.py:send_request():246] send_request: stop_status
2022-05-12 15:23:14,494 INFO    Thread-7  :87615 [dir_watcher.py:_on_file_modified():257] file/dir modified: /Users/hyacinthampadu/Documents/Jos Folder/Data Science/Portfolio/lead_converision/wandb/run-20220512_152232-nt15wujy/files/config.yaml
2022-05-12 15:23:15,186 DEBUG   HandlerThread:87615 [handler.py:handle_request():141] handle_request: stop_status
2022-05-12 15:23:15,186 DEBUG   SenderThread:87615 [sender.py:send_request():246] send_request: stop_status
2022-05-12 15:23:19,028 DEBUG   SenderThread:87615 [sender.py:send():232] send: stats
2022-05-12 15:23:30,684 DEBUG   HandlerThread:87615 [handler.py:handle_request():141] handle_request: stop_status
2022-05-12 15:23:30,685 DEBUG   SenderThread:87615 [sender.py:send_request():246] send_request: stop_status
2022-05-12 15:23:46,073 DEBUG   HandlerThread:87615 [handler.py:handle_request():141] handle_request: stop_status
2022-05-12 15:23:46,074 DEBUG   SenderThread:87615 [sender.py:send_request():246] send_request: stop_status
2022-05-12 15:23:56,658 DEBUG   SenderThread:87615 [sender.py:send():232] send: stats
2022-05-12 15:24:01,495 DEBUG   HandlerThread:87615 [handler.py:handle_request():141] handle_request: stop_status
2022-05-12 15:24:01,496 DEBUG   SenderThread:87615 [sender.py:send_request():246] send_request: stop_status
2022-05-12 15:24:08,749 INFO    Thread-7  :87615 [dir_watcher.py:_on_file_modified():257] file/dir modified: /Users/hyacinthampadu/Documents/Jos Folder/Data Science/Portfolio/lead_converision/wandb/run-20220512_152232-nt15wujy/files/output.log
2022-05-12 15:24:16,942 DEBUG   HandlerThread:87615 [handler.py:handle_request():141] handle_request: stop_status
2022-05-12 15:24:16,942 DEBUG   SenderThread:87615 [sender.py:send_request():246] send_request: stop_status
2022-05-12 15:24:32,313 DEBUG   HandlerThread:87615 [handler.py:handle_request():141] handle_request: stop_status
2022-05-12 15:24:32,313 DEBUG   SenderThread:87615 [sender.py:send_request():246] send_request: stop_status
2022-05-12 15:24:34,491 DEBUG   SenderThread:87615 [sender.py:send():232] send: stats
2022-05-12 15:24:49,497 DEBUG   HandlerThread:87615 [handler.py:handle_request():141] handle_request: stop_status
2022-05-12 15:24:49,498 DEBUG   SenderThread:87615 [sender.py:send_request():246] send_request: stop_status
2022-05-12 15:25:04,985 DEBUG   HandlerThread:87615 [handler.py:handle_request():141] handle_request: stop_status
2022-05-12 15:25:04,985 DEBUG   SenderThread:87615 [sender.py:send_request():246] send_request: stop_status
2022-05-12 15:25:12,088 DEBUG   SenderThread:87615 [sender.py:send():232] send: stats
2022-05-12 15:25:20,395 DEBUG   HandlerThread:87615 [handler.py:handle_request():141] handle_request: stop_status
2022-05-12 15:25:20,396 DEBUG   SenderThread:87615 [sender.py:send_request():246] send_request: stop_status
2022-05-12 15:25:25,123 INFO    Thread-7  :87615 [dir_watcher.py:_on_file_modified():257] file/dir modified: /Users/hyacinthampadu/Documents/Jos Folder/Data Science/Portfolio/lead_converision/wandb/run-20220512_152232-nt15wujy/files/output.log
2022-05-12 15:25:36,102 DEBUG   HandlerThread:87615 [handler.py:handle_request():141] handle_request: stop_status
2022-05-12 15:25:36,103 DEBUG   SenderThread:87615 [sender.py:send_request():246] send_request: stop_status
2022-05-12 15:25:49,719 DEBUG   SenderThread:87615 [sender.py:send():232] send: stats
2022-05-12 15:25:51,491 DEBUG   HandlerThread:87615 [handler.py:handle_request():141] handle_request: stop_status
2022-05-12 15:25:51,491 DEBUG   SenderThread:87615 [sender.py:send_request():246] send_request: stop_status
2022-05-12 15:26:06,927 DEBUG   HandlerThread:87615 [handler.py:handle_request():141] handle_request: stop_status
2022-05-12 15:26:06,928 DEBUG   SenderThread:87615 [sender.py:send_request():246] send_request: stop_status
2022-05-12 15:26:22,348 DEBUG   HandlerThread:87615 [handler.py:handle_request():141] handle_request: stop_status
2022-05-12 15:26:22,348 DEBUG   SenderThread:87615 [sender.py:send_request():246] send_request: stop_status
2022-05-12 15:26:27,409 DEBUG   SenderThread:87615 [sender.py:send():232] send: stats
2022-05-12 15:26:37,729 DEBUG   HandlerThread:87615 [handler.py:handle_request():141] handle_request: stop_status
2022-05-12 15:26:37,729 DEBUG   SenderThread:87615 [sender.py:send_request():246] send_request: stop_status
2022-05-12 15:26:39,484 INFO    Thread-7  :87615 [dir_watcher.py:_on_file_modified():257] file/dir modified: /Users/hyacinthampadu/Documents/Jos Folder/Data Science/Portfolio/lead_converision/wandb/run-20220512_152232-nt15wujy/files/output.log
2022-05-12 15:26:53,125 DEBUG   HandlerThread:87615 [handler.py:handle_request():141] handle_request: stop_status
2022-05-12 15:26:53,125 DEBUG   SenderThread:87615 [sender.py:send_request():246] send_request: stop_status
2022-05-12 15:27:05,084 DEBUG   SenderThread:87615 [sender.py:send():232] send: stats
2022-05-12 15:27:08,491 DEBUG   HandlerThread:87615 [handler.py:handle_request():141] handle_request: stop_status
2022-05-12 15:27:08,491 DEBUG   SenderThread:87615 [sender.py:send_request():246] send_request: stop_status
2022-05-12 15:27:23,890 DEBUG   HandlerThread:87615 [handler.py:handle_request():141] handle_request: stop_status
2022-05-12 15:27:23,890 DEBUG   SenderThread:87615 [sender.py:send_request():246] send_request: stop_status
2022-05-12 15:27:39,269 DEBUG   HandlerThread:87615 [handler.py:handle_request():141] handle_request: stop_status
2022-05-12 15:27:39,269 DEBUG   SenderThread:87615 [sender.py:send_request():246] send_request: stop_status
2022-05-12 15:27:42,774 DEBUG   SenderThread:87615 [sender.py:send():232] send: stats
2022-05-12 15:27:54,661 DEBUG   HandlerThread:87615 [handler.py:handle_request():141] handle_request: stop_status
2022-05-12 15:27:54,661 DEBUG   SenderThread:87615 [sender.py:send_request():246] send_request: stop_status
2022-05-12 15:27:55,857 INFO    Thread-7  :87615 [dir_watcher.py:_on_file_modified():257] file/dir modified: /Users/hyacinthampadu/Documents/Jos Folder/Data Science/Portfolio/lead_converision/wandb/run-20220512_152232-nt15wujy/files/output.log
2022-05-12 15:28:10,218 DEBUG   HandlerThread:87615 [handler.py:handle_request():141] handle_request: stop_status
2022-05-12 15:28:10,218 DEBUG   SenderThread:87615 [sender.py:send_request():246] send_request: stop_status
2022-05-12 15:28:20,483 DEBUG   SenderThread:87615 [sender.py:send():232] send: stats
2022-05-12 15:28:25,679 DEBUG   HandlerThread:87615 [handler.py:handle_request():141] handle_request: stop_status
2022-05-12 15:28:25,680 DEBUG   SenderThread:87615 [sender.py:send_request():246] send_request: stop_status
2022-05-12 15:28:41,143 DEBUG   HandlerThread:87615 [handler.py:handle_request():141] handle_request: stop_status
2022-05-12 15:28:41,144 DEBUG   SenderThread:87615 [sender.py:send_request():246] send_request: stop_status
2022-05-12 15:28:56,547 DEBUG   HandlerThread:87615 [handler.py:handle_request():141] handle_request: stop_status
2022-05-12 15:28:56,547 DEBUG   SenderThread:87615 [sender.py:send_request():246] send_request: stop_status
2022-05-12 15:28:58,999 DEBUG   SenderThread:87615 [sender.py:send():232] send: stats
2022-05-12 15:29:10,375 INFO    Thread-7  :87615 [dir_watcher.py:_on_file_modified():257] file/dir modified: /Users/hyacinthampadu/Documents/Jos Folder/Data Science/Portfolio/lead_converision/wandb/run-20220512_152232-nt15wujy/files/output.log
2022-05-12 15:29:11,941 DEBUG   HandlerThread:87615 [handler.py:handle_request():141] handle_request: stop_status
2022-05-12 15:29:11,942 DEBUG   SenderThread:87615 [sender.py:send_request():246] send_request: stop_status
2022-05-12 15:29:27,506 DEBUG   HandlerThread:87615 [handler.py:handle_request():141] handle_request: stop_status
2022-05-12 15:29:27,507 DEBUG   SenderThread:87615 [sender.py:send_request():246] send_request: stop_status
2022-05-12 15:29:38,010 DEBUG   SenderThread:87615 [sender.py:send():232] send: stats
2022-05-12 15:29:42,887 DEBUG   HandlerThread:87615 [handler.py:handle_request():141] handle_request: stop_status
2022-05-12 15:29:42,887 DEBUG   SenderThread:87615 [sender.py:send_request():246] send_request: stop_status
2022-05-12 15:29:58,256 DEBUG   HandlerThread:87615 [handler.py:handle_request():141] handle_request: stop_status
2022-05-12 15:29:58,257 DEBUG   SenderThread:87615 [sender.py:send_request():246] send_request: stop_status
2022-05-12 15:30:13,672 DEBUG   HandlerThread:87615 [handler.py:handle_request():141] handle_request: stop_status
2022-05-12 15:30:13,672 DEBUG   SenderThread:87615 [sender.py:send_request():246] send_request: stop_status
2022-05-12 15:30:17,109 DEBUG   SenderThread:87615 [sender.py:send():232] send: stats
2022-05-12 15:30:22,020 INFO    Thread-7  :87615 [dir_watcher.py:_on_file_modified():257] file/dir modified: /Users/hyacinthampadu/Documents/Jos Folder/Data Science/Portfolio/lead_converision/wandb/run-20220512_152232-nt15wujy/files/output.log
2022-05-12 15:30:29,086 DEBUG   HandlerThread:87615 [handler.py:handle_request():141] handle_request: stop_status
2022-05-12 15:30:29,087 DEBUG   SenderThread:87615 [sender.py:send_request():246] send_request: stop_status
2022-05-12 15:30:46,693 DEBUG   HandlerThread:87615 [handler.py:handle_request():141] handle_request: stop_status
2022-05-12 15:30:46,693 DEBUG   SenderThread:87615 [sender.py:send_request():246] send_request: stop_status
2022-05-12 15:30:56,101 DEBUG   SenderThread:87615 [sender.py:send():232] send: stats
2022-05-12 15:31:02,147 DEBUG   HandlerThread:87615 [handler.py:handle_request():141] handle_request: stop_status
2022-05-12 15:31:02,148 DEBUG   SenderThread:87615 [sender.py:send_request():246] send_request: stop_status
2022-05-12 15:31:17,597 DEBUG   HandlerThread:87615 [handler.py:handle_request():141] handle_request: stop_status
2022-05-12 15:31:17,597 DEBUG   SenderThread:87615 [sender.py:send_request():246] send_request: stop_status
2022-05-12 15:31:33,887 DEBUG   HandlerThread:87615 [handler.py:handle_request():141] handle_request: stop_status
2022-05-12 15:31:33,887 DEBUG   SenderThread:87615 [sender.py:send_request():246] send_request: stop_status
2022-05-12 15:31:35,167 DEBUG   SenderThread:87615 [sender.py:send():232] send: stats
2022-05-12 15:31:38,738 INFO    Thread-7  :87615 [dir_watcher.py:_on_file_modified():257] file/dir modified: /Users/hyacinthampadu/Documents/Jos Folder/Data Science/Portfolio/lead_converision/wandb/run-20220512_152232-nt15wujy/files/output.log
2022-05-12 15:31:49,931 DEBUG   HandlerThread:87615 [handler.py:handle_request():141] handle_request: stop_status
2022-05-12 15:31:49,932 DEBUG   SenderThread:87615 [sender.py:send_request():246] send_request: stop_status
2022-05-12 15:32:05,316 DEBUG   HandlerThread:87615 [handler.py:handle_request():141] handle_request: stop_status
2022-05-12 15:32:05,317 DEBUG   SenderThread:87615 [sender.py:send_request():246] send_request: stop_status
2022-05-12 15:32:14,250 DEBUG   SenderThread:87615 [sender.py:send():232] send: stats
2022-05-12 15:32:20,822 DEBUG   HandlerThread:87615 [handler.py:handle_request():141] handle_request: stop_status
2022-05-12 15:32:20,822 DEBUG   SenderThread:87615 [sender.py:send_request():246] send_request: stop_status
2022-05-12 15:32:36,225 DEBUG   HandlerThread:87615 [handler.py:handle_request():141] handle_request: stop_status
2022-05-12 15:32:36,225 DEBUG   SenderThread:87615 [sender.py:send_request():246] send_request: stop_status
2022-05-12 15:32:52,407 INFO    Thread-7  :87615 [dir_watcher.py:_on_file_modified():257] file/dir modified: /Users/hyacinthampadu/Documents/Jos Folder/Data Science/Portfolio/lead_converision/wandb/run-20220512_152232-nt15wujy/files/output.log
2022-05-12 15:32:53,308 DEBUG   SenderThread:87615 [sender.py:send():232] send: stats
2022-05-12 15:32:56,129 DEBUG   HandlerThread:87615 [handler.py:handle_request():141] handle_request: stop_status
2022-05-12 15:32:56,129 DEBUG   SenderThread:87615 [sender.py:send_request():246] send_request: stop_status
2022-05-12 15:33:11,898 DEBUG   HandlerThread:87615 [handler.py:handle_request():141] handle_request: stop_status
2022-05-12 15:33:11,898 DEBUG   SenderThread:87615 [sender.py:send_request():246] send_request: stop_status
2022-05-12 15:33:27,279 DEBUG   HandlerThread:87615 [handler.py:handle_request():141] handle_request: stop_status
2022-05-12 15:33:27,280 DEBUG   SenderThread:87615 [sender.py:send_request():246] send_request: stop_status
2022-05-12 15:33:32,321 DEBUG   SenderThread:87615 [sender.py:send():232] send: stats
2022-05-12 15:33:42,741 DEBUG   HandlerThread:87615 [handler.py:handle_request():141] handle_request: stop_status
2022-05-12 15:33:42,741 DEBUG   SenderThread:87615 [sender.py:send_request():246] send_request: stop_status
2022-05-12 15:33:58,167 DEBUG   HandlerThread:87615 [handler.py:handle_request():141] handle_request: stop_status
2022-05-12 15:33:58,168 DEBUG   SenderThread:87615 [sender.py:send_request():246] send_request: stop_status
2022-05-12 15:34:07,110 INFO    Thread-7  :87615 [dir_watcher.py:_on_file_modified():257] file/dir modified: /Users/hyacinthampadu/Documents/Jos Folder/Data Science/Portfolio/lead_converision/wandb/run-20220512_152232-nt15wujy/files/output.log
2022-05-12 15:34:11,431 DEBUG   SenderThread:87615 [sender.py:send():232] send: stats
2022-05-12 15:34:13,565 DEBUG   HandlerThread:87615 [handler.py:handle_request():141] handle_request: stop_status
2022-05-12 15:34:13,565 DEBUG   SenderThread:87615 [sender.py:send_request():246] send_request: stop_status
2022-05-12 15:34:28,966 DEBUG   HandlerThread:87615 [handler.py:handle_request():141] handle_request: stop_status
2022-05-12 15:34:28,966 DEBUG   SenderThread:87615 [sender.py:send_request():246] send_request: stop_status
2022-05-12 15:34:44,469 DEBUG   HandlerThread:87615 [handler.py:handle_request():141] handle_request: stop_status
2022-05-12 15:34:44,470 DEBUG   SenderThread:87615 [sender.py:send_request():246] send_request: stop_status
2022-05-12 15:34:50,410 DEBUG   SenderThread:87615 [sender.py:send():232] send: stats
2022-05-12 15:35:00,240 DEBUG   HandlerThread:87615 [handler.py:handle_request():141] handle_request: stop_status
2022-05-12 15:35:00,241 DEBUG   SenderThread:87615 [sender.py:send_request():246] send_request: stop_status
2022-05-12 15:35:15,804 DEBUG   HandlerThread:87615 [handler.py:handle_request():141] handle_request: stop_status
2022-05-12 15:35:15,805 DEBUG   SenderThread:87615 [sender.py:send_request():246] send_request: stop_status
2022-05-12 15:35:21,789 INFO    Thread-7  :87615 [dir_watcher.py:_on_file_modified():257] file/dir modified: /Users/hyacinthampadu/Documents/Jos Folder/Data Science/Portfolio/lead_converision/wandb/run-20220512_152232-nt15wujy/files/output.log
2022-05-12 15:35:29,526 DEBUG   SenderThread:87615 [sender.py:send():232] send: stats
2022-05-12 15:35:31,202 DEBUG   HandlerThread:87615 [handler.py:handle_request():141] handle_request: stop_status
2022-05-12 15:35:31,203 DEBUG   SenderThread:87615 [sender.py:send_request():246] send_request: stop_status
2022-05-12 15:35:48,274 DEBUG   HandlerThread:87615 [handler.py:handle_request():141] handle_request: stop_status
2022-05-12 15:35:48,274 DEBUG   SenderThread:87615 [sender.py:send_request():246] send_request: stop_status
2022-05-12 15:36:08,294 DEBUG   HandlerThread:87615 [handler.py:handle_request():141] handle_request: stop_status
2022-05-12 15:36:08,296 DEBUG   SenderThread:87615 [sender.py:send_request():246] send_request: stop_status
2022-05-12 15:36:08,847 DEBUG   SenderThread:87615 [sender.py:send():232] send: stats
2022-05-12 15:36:23,858 DEBUG   HandlerThread:87615 [handler.py:handle_request():141] handle_request: stop_status
2022-05-12 15:36:23,860 DEBUG   SenderThread:87615 [sender.py:send_request():246] send_request: stop_status
2022-05-12 15:36:35,480 INFO    Thread-7  :87615 [dir_watcher.py:_on_file_modified():257] file/dir modified: /Users/hyacinthampadu/Documents/Jos Folder/Data Science/Portfolio/lead_converision/wandb/run-20220512_152232-nt15wujy/files/output.log
2022-05-12 15:36:39,283 DEBUG   HandlerThread:87615 [handler.py:handle_request():141] handle_request: stop_status
2022-05-12 15:36:39,283 DEBUG   SenderThread:87615 [sender.py:send_request():246] send_request: stop_status
2022-05-12 15:36:47,659 DEBUG   SenderThread:87615 [sender.py:send():232] send: stats
2022-05-12 15:36:56,234 DEBUG   HandlerThread:87615 [handler.py:handle_request():141] handle_request: stop_status
2022-05-12 15:36:56,235 DEBUG   SenderThread:87615 [sender.py:send_request():246] send_request: stop_status
2022-05-12 15:37:16,248 DEBUG   HandlerThread:87615 [handler.py:handle_request():141] handle_request: stop_status
2022-05-12 15:37:16,249 DEBUG   SenderThread:87615 [sender.py:send_request():246] send_request: stop_status
2022-05-12 15:37:26,669 DEBUG   SenderThread:87615 [sender.py:send():232] send: stats
2022-05-12 15:37:36,263 DEBUG   HandlerThread:87615 [handler.py:handle_request():141] handle_request: stop_status
2022-05-12 15:37:36,264 DEBUG   SenderThread:87615 [sender.py:send_request():246] send_request: stop_status
2022-05-12 15:37:50,218 INFO    Thread-7  :87615 [dir_watcher.py:_on_file_modified():257] file/dir modified: /Users/hyacinthampadu/Documents/Jos Folder/Data Science/Portfolio/lead_converision/wandb/run-20220512_152232-nt15wujy/files/output.log
2022-05-12 15:37:54,732 DEBUG   HandlerThread:87615 [handler.py:handle_request():141] handle_request: stop_status
2022-05-12 15:37:54,733 DEBUG   SenderThread:87615 [sender.py:send_request():246] send_request: stop_status
2022-05-12 15:38:05,812 DEBUG   SenderThread:87615 [sender.py:send():232] send: stats
2022-05-12 15:38:10,501 DEBUG   HandlerThread:87615 [handler.py:handle_request():141] handle_request: stop_status
2022-05-12 15:38:10,501 DEBUG   SenderThread:87615 [sender.py:send_request():246] send_request: stop_status
2022-05-12 15:38:30,528 DEBUG   HandlerThread:87615 [handler.py:handle_request():141] handle_request: stop_status
2022-05-12 15:38:44,232 ERROR   SenderThread:87615 [retry.py:__call__():126] Retry attempt failed:
Traceback (most recent call last):
  File "/Users/hyacinthampadu/miniforge3/envs/py36/lib/python3.8/site-packages/urllib3/connectionpool.py", line 449, in _make_request
    six.raise_from(e, None)
  File "<string>", line 3, in raise_from
  File "/Users/hyacinthampadu/miniforge3/envs/py36/lib/python3.8/site-packages/urllib3/connectionpool.py", line 444, in _make_request
    httplib_response = conn.getresponse()
  File "/Users/hyacinthampadu/miniforge3/envs/py36/lib/python3.8/http/client.py", line 1348, in getresponse
    response.begin()
  File "/Users/hyacinthampadu/miniforge3/envs/py36/lib/python3.8/http/client.py", line 316, in begin
    version, status, reason = self._read_status()
  File "/Users/hyacinthampadu/miniforge3/envs/py36/lib/python3.8/http/client.py", line 277, in _read_status
    line = str(self.fp.readline(_MAXLINE + 1), "iso-8859-1")
  File "/Users/hyacinthampadu/miniforge3/envs/py36/lib/python3.8/socket.py", line 669, in readinto
    return self._sock.recv_into(b)
  File "/Users/hyacinthampadu/miniforge3/envs/py36/lib/python3.8/ssl.py", line 1241, in recv_into
    return self.read(nbytes, buffer)
  File "/Users/hyacinthampadu/miniforge3/envs/py36/lib/python3.8/ssl.py", line 1099, in read
    return self._sslobj.read(len, buffer)
socket.timeout: The read operation timed out

During handling of the above exception, another exception occurred:

Traceback (most recent call last):
  File "/Users/hyacinthampadu/miniforge3/envs/py36/lib/python3.8/site-packages/requests/adapters.py", line 440, in send
    resp = conn.urlopen(
  File "/Users/hyacinthampadu/miniforge3/envs/py36/lib/python3.8/site-packages/urllib3/connectionpool.py", line 785, in urlopen
    retries = retries.increment(
  File "/Users/hyacinthampadu/miniforge3/envs/py36/lib/python3.8/site-packages/urllib3/util/retry.py", line 550, in increment
    raise six.reraise(type(error), error, _stacktrace)
  File "/Users/hyacinthampadu/miniforge3/envs/py36/lib/python3.8/site-packages/urllib3/packages/six.py", line 770, in reraise
    raise value
  File "/Users/hyacinthampadu/miniforge3/envs/py36/lib/python3.8/site-packages/urllib3/connectionpool.py", line 703, in urlopen
    httplib_response = self._make_request(
  File "/Users/hyacinthampadu/miniforge3/envs/py36/lib/python3.8/site-packages/urllib3/connectionpool.py", line 451, in _make_request
    self._raise_timeout(err=e, url=url, timeout_value=read_timeout)
  File "/Users/hyacinthampadu/miniforge3/envs/py36/lib/python3.8/site-packages/urllib3/connectionpool.py", line 340, in _raise_timeout
    raise ReadTimeoutError(
urllib3.exceptions.ReadTimeoutError: HTTPSConnectionPool(host='api.wandb.ai', port=443): Read timed out. (read timeout=10)

During handling of the above exception, another exception occurred:

Traceback (most recent call last):
  File "/Users/hyacinthampadu/miniforge3/envs/py36/lib/python3.8/site-packages/wandb/sdk/lib/retry.py", line 102, in __call__
    result = self._call_fn(*args, **kwargs)
  File "/Users/hyacinthampadu/miniforge3/envs/py36/lib/python3.8/site-packages/wandb/sdk/internal/internal_api.py", line 140, in execute
    return self.client.execute(*args, **kwargs)
  File "/Users/hyacinthampadu/miniforge3/envs/py36/lib/python3.8/site-packages/wandb/vendor/gql-0.2.0/wandb_gql/client.py", line 52, in execute
    result = self._get_result(document, *args, **kwargs)
  File "/Users/hyacinthampadu/miniforge3/envs/py36/lib/python3.8/site-packages/wandb/vendor/gql-0.2.0/wandb_gql/client.py", line 60, in _get_result
    return self.transport.execute(document, *args, **kwargs)
  File "/Users/hyacinthampadu/miniforge3/envs/py36/lib/python3.8/site-packages/wandb/vendor/gql-0.2.0/wandb_gql/transport/requests.py", line 38, in execute
    request = requests.post(self.url, **post_args)
  File "/Users/hyacinthampadu/miniforge3/envs/py36/lib/python3.8/site-packages/requests/api.py", line 117, in post
    return request('post', url, data=data, json=json, **kwargs)
  File "/Users/hyacinthampadu/miniforge3/envs/py36/lib/python3.8/site-packages/requests/api.py", line 61, in request
    return session.request(method=method, url=url, **kwargs)
  File "/Users/hyacinthampadu/miniforge3/envs/py36/lib/python3.8/site-packages/requests/sessions.py", line 529, in request
    resp = self.send(prep, **send_kwargs)
  File "/Users/hyacinthampadu/miniforge3/envs/py36/lib/python3.8/site-packages/requests/sessions.py", line 645, in send
    r = adapter.send(request, **kwargs)
  File "/Users/hyacinthampadu/miniforge3/envs/py36/lib/python3.8/site-packages/requests/adapters.py", line 532, in send
    raise ReadTimeout(e, request=request)
requests.exceptions.ReadTimeout: HTTPSConnectionPool(host='api.wandb.ai', port=443): Read timed out. (read timeout=10)
2022-05-12 15:38:50,565 DEBUG   HandlerThread:87615 [handler.py:handle_request():141] handle_request: stop_status
2022-05-12 15:38:51,432 DEBUG   SenderThread:87615 [sender.py:send_request():246] send_request: stop_status
2022-05-12 15:38:52,921 DEBUG   SenderThread:87615 [sender.py:send():232] send: stats
2022-05-12 15:38:52,922 DEBUG   SenderThread:87615 [sender.py:send_request():246] send_request: stop_status
2022-05-12 15:39:06,957 INFO    Thread-7  :87615 [dir_watcher.py:_on_file_modified():257] file/dir modified: /Users/hyacinthampadu/Documents/Jos Folder/Data Science/Portfolio/lead_converision/wandb/run-20220512_152232-nt15wujy/files/output.log
2022-05-12 15:39:08,800 DEBUG   HandlerThread:87615 [handler.py:handle_request():141] handle_request: stop_status
2022-05-12 15:39:08,801 DEBUG   SenderThread:87615 [sender.py:send_request():246] send_request: stop_status
2022-05-12 15:39:24,098 DEBUG   SenderThread:87615 [sender.py:send():232] send: stats
2022-05-12 15:39:26,621 DEBUG   HandlerThread:87615 [handler.py:handle_request():141] handle_request: stop_status
2022-05-12 15:39:26,621 DEBUG   SenderThread:87615 [sender.py:send_request():246] send_request: stop_status
2022-05-12 15:39:42,474 DEBUG   HandlerThread:87615 [handler.py:handle_request():141] handle_request: stop_status
2022-05-12 15:39:42,475 DEBUG   SenderThread:87615 [sender.py:send_request():246] send_request: stop_status
2022-05-12 15:39:58,588 DEBUG   HandlerThread:87615 [handler.py:handle_request():141] handle_request: stop_status
2022-05-12 15:39:58,588 DEBUG   SenderThread:87615 [sender.py:send_request():246] send_request: stop_status
2022-05-12 15:40:03,203 DEBUG   SenderThread:87615 [sender.py:send():232] send: stats
2022-05-12 15:40:14,017 DEBUG   HandlerThread:87615 [handler.py:handle_request():141] handle_request: stop_status
2022-05-12 15:40:14,018 DEBUG   SenderThread:87615 [sender.py:send_request():246] send_request: stop_status
2022-05-12 15:40:20,672 INFO    Thread-7  :87615 [dir_watcher.py:_on_file_modified():257] file/dir modified: /Users/hyacinthampadu/Documents/Jos Folder/Data Science/Portfolio/lead_converision/wandb/run-20220512_152232-nt15wujy/files/output.log
2022-05-12 15:40:29,386 DEBUG   HandlerThread:87615 [handler.py:handle_request():141] handle_request: stop_status
2022-05-12 15:40:29,387 DEBUG   SenderThread:87615 [sender.py:send_request():246] send_request: stop_status
2022-05-12 15:40:42,285 DEBUG   SenderThread:87615 [sender.py:send():232] send: stats
2022-05-12 15:40:44,792 DEBUG   HandlerThread:87615 [handler.py:handle_request():141] handle_request: stop_status
2022-05-12 15:40:44,793 DEBUG   SenderThread:87615 [sender.py:send_request():246] send_request: stop_status
2022-05-12 15:41:01,957 DEBUG   HandlerThread:87615 [handler.py:handle_request():141] handle_request: stop_status
2022-05-12 15:41:01,958 DEBUG   SenderThread:87615 [sender.py:send_request():246] send_request: stop_status
2022-05-12 15:41:17,372 DEBUG   HandlerThread:87615 [handler.py:handle_request():141] handle_request: stop_status
2022-05-12 15:41:17,373 DEBUG   SenderThread:87615 [sender.py:send_request():246] send_request: stop_status
2022-05-12 15:41:21,331 DEBUG   SenderThread:87615 [sender.py:send():232] send: stats
2022-05-12 15:41:32,882 DEBUG   HandlerThread:87615 [handler.py:handle_request():141] handle_request: stop_status
2022-05-12 15:41:32,884 DEBUG   SenderThread:87615 [sender.py:send_request():246] send_request: stop_status
2022-05-12 15:41:37,418 INFO    Thread-7  :87615 [dir_watcher.py:_on_file_modified():257] file/dir modified: /Users/hyacinthampadu/Documents/Jos Folder/Data Science/Portfolio/lead_converision/wandb/run-20220512_152232-nt15wujy/files/output.log
2022-05-12 15:41:48,299 DEBUG   HandlerThread:87615 [handler.py:handle_request():141] handle_request: stop_status
2022-05-12 15:41:48,299 DEBUG   SenderThread:87615 [sender.py:send_request():246] send_request: stop_status
2022-05-12 15:42:00,336 DEBUG   SenderThread:87615 [sender.py:send():232] send: stats
2022-05-12 15:42:03,689 DEBUG   HandlerThread:87615 [handler.py:handle_request():141] handle_request: stop_status
2022-05-12 15:42:03,690 DEBUG   SenderThread:87615 [sender.py:send_request():246] send_request: stop_status
2022-05-12 15:42:20,398 DEBUG   HandlerThread:87615 [handler.py:handle_request():141] handle_request: stop_status
2022-05-12 15:42:20,398 DEBUG   SenderThread:87615 [sender.py:send_request():246] send_request: stop_status
2022-05-12 15:42:35,861 DEBUG   HandlerThread:87615 [handler.py:handle_request():141] handle_request: stop_status
2022-05-12 15:42:35,861 DEBUG   SenderThread:87615 [sender.py:send_request():246] send_request: stop_status
2022-05-12 15:42:39,638 DEBUG   SenderThread:87615 [sender.py:send():232] send: stats
2022-05-12 15:42:50,023 INFO    Thread-7  :87615 [dir_watcher.py:_on_file_modified():257] file/dir modified: /Users/hyacinthampadu/Documents/Jos Folder/Data Science/Portfolio/lead_converision/wandb/run-20220512_152232-nt15wujy/files/output.log
2022-05-12 15:42:54,649 DEBUG   HandlerThread:87615 [handler.py:handle_request():141] handle_request: stop_status
2022-05-12 15:42:54,650 DEBUG   SenderThread:87615 [sender.py:send_request():246] send_request: stop_status
2022-05-12 15:43:10,045 DEBUG   HandlerThread:87615 [handler.py:handle_request():141] handle_request: stop_status
2022-05-12 15:43:10,046 DEBUG   SenderThread:87615 [sender.py:send_request():246] send_request: stop_status
2022-05-12 15:43:18,378 DEBUG   SenderThread:87615 [sender.py:send():232] send: stats
2022-05-12 15:43:27,062 DEBUG   HandlerThread:87615 [handler.py:handle_request():141] handle_request: stop_status
2022-05-12 15:43:27,062 DEBUG   SenderThread:87615 [sender.py:send_request():246] send_request: stop_status
2022-05-12 15:43:42,456 DEBUG   HandlerThread:87615 [handler.py:handle_request():141] handle_request: stop_status
2022-05-12 15:43:42,457 DEBUG   SenderThread:87615 [sender.py:send_request():246] send_request: stop_status
2022-05-12 15:43:57,787 DEBUG   SenderThread:87615 [sender.py:send():232] send: stats
2022-05-12 15:43:59,935 DEBUG   HandlerThread:87615 [handler.py:handle_request():141] handle_request: stop_status
2022-05-12 15:43:59,935 DEBUG   SenderThread:87615 [sender.py:send_request():246] send_request: stop_status
2022-05-12 15:44:07,766 INFO    Thread-7  :87615 [dir_watcher.py:_on_file_modified():257] file/dir modified: /Users/hyacinthampadu/Documents/Jos Folder/Data Science/Portfolio/lead_converision/wandb/run-20220512_152232-nt15wujy/files/output.log
2022-05-12 15:44:16,004 DEBUG   HandlerThread:87615 [handler.py:handle_request():141] handle_request: stop_status
2022-05-12 15:44:16,004 DEBUG   SenderThread:87615 [sender.py:send_request():246] send_request: stop_status
2022-05-12 15:44:31,939 DEBUG   HandlerThread:87615 [handler.py:handle_request():141] handle_request: stop_status
2022-05-12 15:44:31,940 DEBUG   SenderThread:87615 [sender.py:send_request():246] send_request: stop_status
2022-05-12 15:44:36,871 DEBUG   SenderThread:87615 [sender.py:send():232] send: stats
2022-05-12 15:44:47,480 DEBUG   HandlerThread:87615 [handler.py:handle_request():141] handle_request: stop_status
2022-05-12 15:44:47,481 DEBUG   SenderThread:87615 [sender.py:send_request():246] send_request: stop_status
2022-05-12 15:45:07,501 DEBUG   HandlerThread:87615 [handler.py:handle_request():141] handle_request: stop_status
2022-05-12 15:45:07,502 DEBUG   SenderThread:87615 [sender.py:send_request():246] send_request: stop_status
2022-05-12 15:45:15,933 DEBUG   SenderThread:87615 [sender.py:send():232] send: stats
2022-05-12 15:45:22,899 DEBUG   HandlerThread:87615 [handler.py:handle_request():141] handle_request: stop_status
2022-05-12 15:45:22,900 DEBUG   SenderThread:87615 [sender.py:send_request():246] send_request: stop_status
2022-05-12 15:45:28,568 INFO    Thread-7  :87615 [dir_watcher.py:_on_file_modified():257] file/dir modified: /Users/hyacinthampadu/Documents/Jos Folder/Data Science/Portfolio/lead_converision/wandb/run-20220512_152232-nt15wujy/files/output.log
2022-05-12 15:45:38,341 DEBUG   HandlerThread:87615 [handler.py:handle_request():141] handle_request: stop_status
2022-05-12 15:45:38,341 DEBUG   SenderThread:87615 [sender.py:send_request():246] send_request: stop_status
2022-05-12 15:45:54,432 DEBUG   HandlerThread:87615 [handler.py:handle_request():141] handle_request: stop_status
2022-05-12 15:45:54,434 DEBUG   SenderThread:87615 [sender.py:send_request():246] send_request: stop_status
2022-05-12 15:45:55,792 DEBUG   SenderThread:87615 [sender.py:send():232] send: stats
2022-05-12 15:46:10,803 DEBUG   HandlerThread:87615 [handler.py:handle_request():141] handle_request: stop_status
2022-05-12 15:46:10,804 DEBUG   SenderThread:87615 [sender.py:send_request():246] send_request: stop_status
2022-05-12 15:46:26,981 DEBUG   HandlerThread:87615 [handler.py:handle_request():141] handle_request: stop_status
2022-05-12 15:46:26,982 DEBUG   SenderThread:87615 [sender.py:send_request():246] send_request: stop_status
2022-05-12 15:46:34,043 DEBUG   SenderThread:87615 [sender.py:send():232] send: stats
2022-05-12 15:46:42,853 DEBUG   HandlerThread:87615 [handler.py:handle_request():141] handle_request: stop_status
2022-05-12 15:46:42,854 DEBUG   SenderThread:87615 [sender.py:send_request():246] send_request: stop_status
2022-05-12 15:46:49,345 INFO    Thread-7  :87615 [dir_watcher.py:_on_file_modified():257] file/dir modified: /Users/hyacinthampadu/Documents/Jos Folder/Data Science/Portfolio/lead_converision/wandb/run-20220512_152232-nt15wujy/files/output.log
2022-05-12 15:46:58,251 DEBUG   HandlerThread:87615 [handler.py:handle_request():141] handle_request: stop_status
2022-05-12 15:46:58,252 DEBUG   SenderThread:87615 [sender.py:send_request():246] send_request: stop_status
2022-05-12 15:47:13,094 DEBUG   SenderThread:87615 [sender.py:send():232] send: stats
2022-05-12 15:47:13,626 DEBUG   HandlerThread:87615 [handler.py:handle_request():141] handle_request: stop_status
2022-05-12 15:47:13,627 DEBUG   SenderThread:87615 [sender.py:send_request():246] send_request: stop_status
2022-05-12 15:47:29,139 DEBUG   HandlerThread:87615 [handler.py:handle_request():141] handle_request: stop_status
2022-05-12 15:47:29,140 DEBUG   SenderThread:87615 [sender.py:send_request():246] send_request: stop_status
2022-05-12 15:47:44,567 DEBUG   HandlerThread:87615 [handler.py:handle_request():141] handle_request: stop_status
2022-05-12 15:47:44,568 DEBUG   SenderThread:87615 [sender.py:send_request():246] send_request: stop_status
2022-05-12 15:47:52,209 DEBUG   SenderThread:87615 [sender.py:send():232] send: stats
2022-05-12 15:48:03,922 DEBUG   HandlerThread:87615 [handler.py:handle_request():141] handle_request: stop_status
2022-05-12 15:48:03,922 DEBUG   SenderThread:87615 [sender.py:send_request():246] send_request: stop_status
2022-05-12 15:48:07,045 DEBUG   HandlerThread:87615 [handler.py:handle_request():141] handle_request: partial_history
2022-05-12 15:48:07,051 DEBUG   SenderThread:87615 [sender.py:send():232] send: history
2022-05-12 15:48:07,051 DEBUG   SenderThread:87615 [sender.py:send():232] send: summary
2022-05-12 15:48:07,052 INFO    SenderThread:87615 [sender.py:_save_file():948] saving file wandb-summary.json with policy end
2022-05-12 15:48:07,054 DEBUG   SenderThread:87615 [sender.py:send():232] send: telemetry
2022-05-12 15:48:07,057 INFO    Thread-7  :87615 [dir_watcher.py:_on_file_modified():257] file/dir modified: /Users/hyacinthampadu/Documents/Jos Folder/Data Science/Portfolio/lead_converision/wandb/run-20220512_152232-nt15wujy/files/wandb-summary.json
2022-05-12 15:48:07,058 DEBUG   SenderThread:87615 [sender.py:send():232] send: telemetry
2022-05-12 15:48:09,077 INFO    Thread-7  :87615 [dir_watcher.py:_on_file_modified():257] file/dir modified: /Users/hyacinthampadu/Documents/Jos Folder/Data Science/Portfolio/lead_converision/wandb/run-20220512_152232-nt15wujy/files/output.log
2022-05-12 15:48:09,125 DEBUG   SenderThread:87615 [sender.py:send():232] send: exit
2022-05-12 15:48:09,125 DEBUG   HandlerThread:87615 [handler.py:handle_request():141] handle_request: poll_exit
2022-05-12 15:48:09,126 INFO    SenderThread:87615 [sender.py:send_exit():368] handling exit code: 0
2022-05-12 15:48:09,128 INFO    SenderThread:87615 [sender.py:send_exit():370] handling runtime: 1525
2022-05-12 15:48:09,129 INFO    SenderThread:87615 [sender.py:_save_file():948] saving file wandb-summary.json with policy end
2022-05-12 15:48:09,129 INFO    SenderThread:87615 [sender.py:send_exit():376] send defer
2022-05-12 15:48:09,129 DEBUG   SenderThread:87615 [sender.py:send_request():246] send_request: poll_exit
2022-05-12 15:48:09,131 DEBUG   HandlerThread:87615 [handler.py:handle_request():141] handle_request: defer
2022-05-12 15:48:09,131 INFO    HandlerThread:87615 [handler.py:handle_request_defer():164] handle defer: 0
2022-05-12 15:48:09,131 DEBUG   SenderThread:87615 [sender.py:send_request():246] send_request: defer
2022-05-12 15:48:09,131 INFO    SenderThread:87615 [sender.py:send_request_defer():385] handle sender defer: 0
2022-05-12 15:48:09,131 INFO    SenderThread:87615 [sender.py:transition_state():389] send defer: 1
2022-05-12 15:48:09,131 DEBUG   HandlerThread:87615 [handler.py:handle_request():141] handle_request: defer
2022-05-12 15:48:09,131 INFO    HandlerThread:87615 [handler.py:handle_request_defer():164] handle defer: 1
2022-05-12 15:48:09,571 DEBUG   SenderThread:87615 [sender.py:send_request():246] send_request: defer
2022-05-12 15:48:09,571 DEBUG   HandlerThread:87615 [handler.py:handle_request():141] handle_request: poll_exit
2022-05-12 15:48:09,571 INFO    SenderThread:87615 [sender.py:send_request_defer():385] handle sender defer: 1
2022-05-12 15:48:09,571 INFO    SenderThread:87615 [sender.py:transition_state():389] send defer: 2
2022-05-12 15:48:09,572 DEBUG   SenderThread:87615 [sender.py:send_request():246] send_request: poll_exit
2022-05-12 15:48:09,572 DEBUG   SenderThread:87615 [sender.py:send():232] send: stats
2022-05-12 15:48:09,572 DEBUG   HandlerThread:87615 [handler.py:handle_request():141] handle_request: defer
2022-05-12 15:48:09,572 INFO    HandlerThread:87615 [handler.py:handle_request_defer():164] handle defer: 2
2022-05-12 15:48:09,572 DEBUG   SenderThread:87615 [sender.py:send_request():246] send_request: defer
2022-05-12 15:48:09,572 INFO    SenderThread:87615 [sender.py:send_request_defer():385] handle sender defer: 2
2022-05-12 15:48:09,572 INFO    SenderThread:87615 [sender.py:transition_state():389] send defer: 3
2022-05-12 15:48:09,572 DEBUG   HandlerThread:87615 [handler.py:handle_request():141] handle_request: defer
2022-05-12 15:48:09,572 INFO    HandlerThread:87615 [handler.py:handle_request_defer():164] handle defer: 3
2022-05-12 15:48:09,572 DEBUG   SenderThread:87615 [sender.py:send_request():246] send_request: defer
2022-05-12 15:48:09,573 INFO    SenderThread:87615 [sender.py:send_request_defer():385] handle sender defer: 3
2022-05-12 15:48:09,573 INFO    SenderThread:87615 [sender.py:transition_state():389] send defer: 4
2022-05-12 15:48:09,573 DEBUG   HandlerThread:87615 [handler.py:handle_request():141] handle_request: defer
2022-05-12 15:48:09,573 INFO    HandlerThread:87615 [handler.py:handle_request_defer():164] handle defer: 4
2022-05-12 15:48:09,573 DEBUG   SenderThread:87615 [sender.py:send():232] send: summary
2022-05-12 15:48:09,574 INFO    SenderThread:87615 [sender.py:_save_file():948] saving file wandb-summary.json with policy end
2022-05-12 15:48:09,574 DEBUG   SenderThread:87615 [sender.py:send_request():246] send_request: defer
2022-05-12 15:48:09,574 INFO    SenderThread:87615 [sender.py:send_request_defer():385] handle sender defer: 4
2022-05-12 15:48:09,574 INFO    SenderThread:87615 [sender.py:transition_state():389] send defer: 5
2022-05-12 15:48:09,574 DEBUG   HandlerThread:87615 [handler.py:handle_request():141] handle_request: defer
2022-05-12 15:48:09,574 INFO    HandlerThread:87615 [handler.py:handle_request_defer():164] handle defer: 5
2022-05-12 15:48:09,574 DEBUG   SenderThread:87615 [sender.py:send_request():246] send_request: defer
2022-05-12 15:48:09,574 INFO    SenderThread:87615 [sender.py:send_request_defer():385] handle sender defer: 5
2022-05-12 15:48:09,682 DEBUG   HandlerThread:87615 [handler.py:handle_request():141] handle_request: poll_exit
2022-05-12 15:48:10,088 INFO    Thread-7  :87615 [dir_watcher.py:_on_file_modified():257] file/dir modified: /Users/hyacinthampadu/Documents/Jos Folder/Data Science/Portfolio/lead_converision/wandb/run-20220512_152232-nt15wujy/files/wandb-summary.json
2022-05-12 15:48:10,089 INFO    Thread-7  :87615 [dir_watcher.py:_on_file_modified():257] file/dir modified: /Users/hyacinthampadu/Documents/Jos Folder/Data Science/Portfolio/lead_converision/wandb/run-20220512_152232-nt15wujy/files/output.log
2022-05-12 15:48:10,152 INFO    SenderThread:87615 [sender.py:transition_state():389] send defer: 6
2022-05-12 15:48:10,153 DEBUG   SenderThread:87615 [sender.py:send_request():246] send_request: poll_exit
2022-05-12 15:48:10,153 DEBUG   HandlerThread:87615 [handler.py:handle_request():141] handle_request: defer
2022-05-12 15:48:10,153 INFO    HandlerThread:87615 [handler.py:handle_request_defer():164] handle defer: 6
2022-05-12 15:48:10,153 DEBUG   SenderThread:87615 [sender.py:send_request():246] send_request: defer
2022-05-12 15:48:10,153 INFO    SenderThread:87615 [sender.py:send_request_defer():385] handle sender defer: 6
2022-05-12 15:48:10,153 INFO    SenderThread:87615 [dir_watcher.py:finish():312] shutting down directory watcher
2022-05-12 15:48:10,264 DEBUG   HandlerThread:87615 [handler.py:handle_request():141] handle_request: poll_exit
2022-05-12 15:48:11,099 INFO    Thread-7  :87615 [dir_watcher.py:_on_file_modified():257] file/dir modified: /Users/hyacinthampadu/Documents/Jos Folder/Data Science/Portfolio/lead_converision/wandb/run-20220512_152232-nt15wujy/files/config.yaml
2022-05-12 15:48:11,100 INFO    SenderThread:87615 [dir_watcher.py:finish():342] scan: /Users/hyacinthampadu/Documents/Jos Folder/Data Science/Portfolio/lead_converision/wandb/run-20220512_152232-nt15wujy/files
2022-05-12 15:48:11,101 INFO    SenderThread:87615 [dir_watcher.py:finish():356] scan save: /Users/hyacinthampadu/Documents/Jos Folder/Data Science/Portfolio/lead_converision/wandb/run-20220512_152232-nt15wujy/files/requirements.txt requirements.txt
2022-05-12 15:48:11,101 INFO    SenderThread:87615 [dir_watcher.py:finish():356] scan save: /Users/hyacinthampadu/Documents/Jos Folder/Data Science/Portfolio/lead_converision/wandb/run-20220512_152232-nt15wujy/files/output.log output.log
2022-05-12 15:48:11,108 INFO    SenderThread:87615 [dir_watcher.py:finish():356] scan save: /Users/hyacinthampadu/Documents/Jos Folder/Data Science/Portfolio/lead_converision/wandb/run-20220512_152232-nt15wujy/files/config.yaml config.yaml
2022-05-12 15:48:11,111 INFO    SenderThread:87615 [dir_watcher.py:finish():356] scan save: /Users/hyacinthampadu/Documents/Jos Folder/Data Science/Portfolio/lead_converision/wandb/run-20220512_152232-nt15wujy/files/wandb-summary.json wandb-summary.json
2022-05-12 15:48:11,115 INFO    SenderThread:87615 [dir_watcher.py:finish():356] scan save: /Users/hyacinthampadu/Documents/Jos Folder/Data Science/Portfolio/lead_converision/wandb/run-20220512_152232-nt15wujy/files/conda-environment.yaml conda-environment.yaml
2022-05-12 15:48:11,118 INFO    SenderThread:87615 [dir_watcher.py:finish():356] scan save: /Users/hyacinthampadu/Documents/Jos Folder/Data Science/Portfolio/lead_converision/wandb/run-20220512_152232-nt15wujy/files/wandb-metadata.json wandb-metadata.json
2022-05-12 15:48:11,118 INFO    SenderThread:87615 [sender.py:transition_state():389] send defer: 7
2022-05-12 15:48:11,119 DEBUG   SenderThread:87615 [sender.py:send_request():246] send_request: poll_exit
2022-05-12 15:48:11,121 DEBUG   HandlerThread:87615 [handler.py:handle_request():141] handle_request: defer
2022-05-12 15:48:11,122 INFO    HandlerThread:87615 [handler.py:handle_request_defer():164] handle defer: 7
2022-05-12 15:48:11,122 DEBUG   SenderThread:87615 [sender.py:send_request():246] send_request: defer
2022-05-12 15:48:11,123 INFO    SenderThread:87615 [sender.py:send_request_defer():385] handle sender defer: 7
2022-05-12 15:48:11,123 INFO    SenderThread:87615 [file_pusher.py:finish():145] shutting down file pusher
2022-05-12 15:48:11,224 DEBUG   HandlerThread:87615 [handler.py:handle_request():141] handle_request: poll_exit
2022-05-12 15:48:11,224 DEBUG   SenderThread:87615 [sender.py:send_request():246] send_request: poll_exit
2022-05-12 15:48:11,337 DEBUG   HandlerThread:87615 [handler.py:handle_request():141] handle_request: poll_exit
2022-05-12 15:48:11,338 DEBUG   SenderThread:87615 [sender.py:send_request():246] send_request: poll_exit
2022-05-12 15:48:11,451 DEBUG   HandlerThread:87615 [handler.py:handle_request():141] handle_request: poll_exit
2022-05-12 15:48:11,452 DEBUG   SenderThread:87615 [sender.py:send_request():246] send_request: poll_exit
2022-05-12 15:48:11,565 DEBUG   HandlerThread:87615 [handler.py:handle_request():141] handle_request: poll_exit
2022-05-12 15:48:11,565 DEBUG   SenderThread:87615 [sender.py:send_request():246] send_request: poll_exit
2022-05-12 15:48:11,677 DEBUG   HandlerThread:87615 [handler.py:handle_request():141] handle_request: poll_exit
2022-05-12 15:48:11,677 DEBUG   SenderThread:87615 [sender.py:send_request():246] send_request: poll_exit
2022-05-12 15:48:11,784 DEBUG   HandlerThread:87615 [handler.py:handle_request():141] handle_request: poll_exit
2022-05-12 15:48:11,785 DEBUG   SenderThread:87615 [sender.py:send_request():246] send_request: poll_exit
2022-05-12 15:48:11,896 DEBUG   HandlerThread:87615 [handler.py:handle_request():141] handle_request: poll_exit
2022-05-12 15:48:11,897 DEBUG   SenderThread:87615 [sender.py:send_request():246] send_request: poll_exit
2022-05-12 15:48:12,010 DEBUG   HandlerThread:87615 [handler.py:handle_request():141] handle_request: poll_exit
2022-05-12 15:48:12,010 DEBUG   SenderThread:87615 [sender.py:send_request():246] send_request: poll_exit
2022-05-12 15:48:12,119 DEBUG   HandlerThread:87615 [handler.py:handle_request():141] handle_request: poll_exit
2022-05-12 15:48:12,119 DEBUG   SenderThread:87615 [sender.py:send_request():246] send_request: poll_exit
2022-05-12 15:48:12,231 DEBUG   HandlerThread:87615 [handler.py:handle_request():141] handle_request: poll_exit
2022-05-12 15:48:12,232 DEBUG   SenderThread:87615 [sender.py:send_request():246] send_request: poll_exit
2022-05-12 15:48:12,343 DEBUG   HandlerThread:87615 [handler.py:handle_request():141] handle_request: poll_exit
2022-05-12 15:48:12,344 DEBUG   SenderThread:87615 [sender.py:send_request():246] send_request: poll_exit
2022-05-12 15:48:12,452 DEBUG   HandlerThread:87615 [handler.py:handle_request():141] handle_request: poll_exit
2022-05-12 15:48:12,453 DEBUG   SenderThread:87615 [sender.py:send_request():246] send_request: poll_exit
2022-05-12 15:48:12,503 INFO    Thread-13 :87615 [upload_job.py:push():132] Uploaded file /Users/hyacinthampadu/Documents/Jos Folder/Data Science/Portfolio/lead_converision/wandb/run-20220512_152232-nt15wujy/files/output.log
2022-05-12 15:48:12,506 INFO    Thread-14 :87615 [upload_job.py:push():132] Uploaded file /Users/hyacinthampadu/Documents/Jos Folder/Data Science/Portfolio/lead_converision/wandb/run-20220512_152232-nt15wujy/files/config.yaml
2022-05-12 15:48:12,536 INFO    Thread-12 :87615 [upload_job.py:push():132] Uploaded file /Users/hyacinthampadu/Documents/Jos Folder/Data Science/Portfolio/lead_converision/wandb/run-20220512_152232-nt15wujy/files/requirements.txt
2022-05-12 15:48:12,562 DEBUG   HandlerThread:87615 [handler.py:handle_request():141] handle_request: poll_exit
2022-05-12 15:48:12,563 DEBUG   SenderThread:87615 [sender.py:send_request():246] send_request: poll_exit
2022-05-12 15:48:12,600 INFO    Thread-15 :87615 [upload_job.py:push():132] Uploaded file /Users/hyacinthampadu/Documents/Jos Folder/Data Science/Portfolio/lead_converision/wandb/run-20220512_152232-nt15wujy/files/wandb-summary.json
2022-05-12 15:48:12,671 DEBUG   HandlerThread:87615 [handler.py:handle_request():141] handle_request: poll_exit
2022-05-12 15:48:12,671 DEBUG   SenderThread:87615 [sender.py:send_request():246] send_request: poll_exit
2022-05-12 15:48:12,784 DEBUG   HandlerThread:87615 [handler.py:handle_request():141] handle_request: poll_exit
2022-05-12 15:48:12,785 DEBUG   SenderThread:87615 [sender.py:send_request():246] send_request: poll_exit
2022-05-12 15:48:12,897 DEBUG   HandlerThread:87615 [handler.py:handle_request():141] handle_request: poll_exit
2022-05-12 15:48:12,898 DEBUG   SenderThread:87615 [sender.py:send_request():246] send_request: poll_exit
2022-05-12 15:48:13,001 DEBUG   HandlerThread:87615 [handler.py:handle_request():141] handle_request: poll_exit
2022-05-12 15:48:13,002 DEBUG   SenderThread:87615 [sender.py:send_request():246] send_request: poll_exit
2022-05-12 15:48:13,012 INFO    Thread-16 :87615 [upload_job.py:push():132] Uploaded file /Users/hyacinthampadu/Documents/Jos Folder/Data Science/Portfolio/lead_converision/wandb/run-20220512_152232-nt15wujy/files/conda-environment.yaml
2022-05-12 15:48:13,110 DEBUG   HandlerThread:87615 [handler.py:handle_request():141] handle_request: poll_exit
2022-05-12 15:48:13,110 DEBUG   SenderThread:87615 [sender.py:send_request():246] send_request: poll_exit
2022-05-12 15:48:13,218 DEBUG   HandlerThread:87615 [handler.py:handle_request():141] handle_request: poll_exit
2022-05-12 15:48:13,219 DEBUG   SenderThread:87615 [sender.py:send_request():246] send_request: poll_exit
2022-05-12 15:48:13,222 INFO    Thread-6  :87615 [sender.py:transition_state():389] send defer: 8
2022-05-12 15:48:13,223 DEBUG   HandlerThread:87615 [handler.py:handle_request():141] handle_request: defer
2022-05-12 15:48:13,223 INFO    HandlerThread:87615 [handler.py:handle_request_defer():164] handle defer: 8
2022-05-12 15:48:13,223 DEBUG   SenderThread:87615 [sender.py:send_request():246] send_request: defer
2022-05-12 15:48:13,223 INFO    SenderThread:87615 [sender.py:send_request_defer():385] handle sender defer: 8
2022-05-12 15:48:13,331 DEBUG   HandlerThread:87615 [handler.py:handle_request():141] handle_request: poll_exit
2022-05-12 15:48:15,365 INFO    SenderThread:87615 [sender.py:transition_state():389] send defer: 9
2022-05-12 15:48:15,365 DEBUG   SenderThread:87615 [sender.py:send_request():246] send_request: poll_exit
2022-05-12 15:48:15,366 DEBUG   HandlerThread:87615 [handler.py:handle_request():141] handle_request: defer
2022-05-12 15:48:15,366 INFO    HandlerThread:87615 [handler.py:handle_request_defer():164] handle defer: 9
2022-05-12 15:48:15,366 DEBUG   SenderThread:87615 [sender.py:send_request():246] send_request: defer
2022-05-12 15:48:15,366 INFO    SenderThread:87615 [sender.py:send_request_defer():385] handle sender defer: 9
2022-05-12 15:48:15,367 INFO    SenderThread:87615 [sender.py:transition_state():389] send defer: 10
2022-05-12 15:48:15,367 DEBUG   SenderThread:87615 [sender.py:send():232] send: final
2022-05-12 15:48:15,368 DEBUG   SenderThread:87615 [sender.py:send():232] send: footer
2022-05-12 15:48:15,367 DEBUG   HandlerThread:87615 [handler.py:handle_request():141] handle_request: defer
2022-05-12 15:48:15,368 INFO    HandlerThread:87615 [handler.py:handle_request_defer():164] handle defer: 10
2022-05-12 15:48:15,368 DEBUG   SenderThread:87615 [sender.py:send_request():246] send_request: defer
2022-05-12 15:48:15,368 INFO    SenderThread:87615 [sender.py:send_request_defer():385] handle sender defer: 10
2022-05-12 15:48:15,477 DEBUG   HandlerThread:87615 [handler.py:handle_request():141] handle_request: poll_exit
2022-05-12 15:48:15,478 DEBUG   SenderThread:87615 [sender.py:send_request():246] send_request: poll_exit
2022-05-12 15:48:15,478 INFO    SenderThread:87615 [file_pusher.py:join():150] waiting for file pusher
2022-05-12 15:48:20,288 DEBUG   HandlerThread:87615 [handler.py:handle_request():141] handle_request: sampled_history
2022-05-12 15:48:20,291 DEBUG   HandlerThread:87615 [handler.py:handle_request():141] handle_request: get_summary
2022-05-12 15:48:20,293 DEBUG   HandlerThread:87615 [handler.py:handle_request():141] handle_request: shutdown
2022-05-12 15:48:20,293 INFO    HandlerThread:87615 [handler.py:finish():806] shutting down handler
2022-05-12 15:48:20,418 INFO    WriterThread:87615 [datastore.py:close():279] close: /Users/hyacinthampadu/Documents/Jos Folder/Data Science/Portfolio/lead_converision/wandb/run-20220512_152232-nt15wujy/run-nt15wujy.wandb
2022-05-12 15:48:21,192 INFO    SenderThread:87615 [sender.py:finish():1110] shutting down sender
2022-05-12 15:48:21,192 INFO    SenderThread:87615 [file_pusher.py:finish():145] shutting down file pusher
2022-05-12 15:48:21,192 INFO    SenderThread:87615 [file_pusher.py:join():150] waiting for file pusher
2022-05-12 15:48:21,200 INFO    MainThread:87615 [internal.py:handle_exit():80] Internal process exited
